[    0.000000] Linux version 4.15.0-122-generic (buildd@lgw01-amd64-036) (gcc version 7.5.0 (Ubuntu 7.5.0-3ubuntu1~18.04)) #124-Ubuntu SMP Thu Oct 15 13:03:05 UTC 2020 (Ubuntu 4.15.0-122.124-generic 4.15.18)
[    0.000000] Command line: BOOT_IMAGE=/boot/vmlinuz-4.15.0-122-generic root=UUID=0679f1c9-b481-498c-ad60-511bcc87703f ro console=tty1 console=ttyS0
[    0.000000] KERNEL supported cpus:
[    0.000000]   Intel GenuineIntel
[    0.000000]   AMD AuthenticAMD
[    0.000000]   Centaur CentaurHauls
[    0.000000] x86/fpu: Supporting XSAVE feature 0x001: 'x87 floating point registers'
[    0.000000] x86/fpu: Supporting XSAVE feature 0x002: 'SSE registers'
[    0.000000] x86/fpu: Supporting XSAVE feature 0x004: 'AVX registers'
[    0.000000] x86/fpu: xstate_offset[2]:  576, xstate_sizes[2]:  256
[    0.000000] x86/fpu: Enabled xstate features 0x7, context size is 832 bytes, using 'standard' format.
[    0.000000] e820: BIOS-provided physical RAM map:
[    0.000000] BIOS-e820: [mem 0x0000000000000000-0x000000000009fbff] usable
[    0.000000] BIOS-e820: [mem 0x000000000009fc00-0x000000000009ffff] reserved
[    0.000000] BIOS-e820: [mem 0x00000000000f0000-0x00000000000fffff] reserved
[    0.000000] BIOS-e820: [mem 0x0000000000100000-0x00000000dffeffff] usable
[    0.000000] BIOS-e820: [mem 0x00000000dfff0000-0x00000000dfffffff] ACPI data
[    0.000000] BIOS-e820: [mem 0x00000000fec00000-0x00000000fec00fff] reserved
[    0.000000] BIOS-e820: [mem 0x00000000fee00000-0x00000000fee00fff] reserved
[    0.000000] BIOS-e820: [mem 0x00000000fffc0000-0x00000000ffffffff] reserved
[    0.000000] BIOS-e820: [mem 0x0000000100000000-0x0000000196ffffff] usable
[    0.000000] NX (Execute Disable) protection: active
[    0.000000] SMBIOS 2.5 present.
[    0.000000] DMI: innotek GmbH VirtualBox/VirtualBox, BIOS VirtualBox 12/01/2006
[    0.000000] Hypervisor detected: KVM
[    0.000000] e820: last_pfn = 0x197000 max_arch_pfn = 0x400000000
[    0.000000] MTRR: Disabled
[    0.000000] x86/PAT: MTRRs disabled, skipping PAT initialization too.
[    0.000000] CPU MTRRs all blank - virtualized system.
[    0.000000] x86/PAT: Configuration [0-7]: WB  WT  UC- UC  WB  WT  UC- UC  
[    0.000000] e820: last_pfn = 0xdfff0 max_arch_pfn = 0x400000000
[    0.000000] found SMP MP-table at [mem 0x0009fff0-0x0009ffff]
[    0.000000] Scanning 1 areas for low memory corruption
[    0.000000] RAMDISK: [mem 0x35955000-0x36ca1fff]
[    0.000000] ACPI: Early table checksum verification disabled
[    0.000000] ACPI: RSDP 0x00000000000E0000 000024 (v02 VBOX  )
[    0.000000] ACPI: XSDT 0x00000000DFFF0030 00003C (v01 VBOX   VBOXXSDT 00000001 ASL  00000061)
[    0.000000] ACPI: FACP 0x00000000DFFF00F0 0000F4 (v04 VBOX   VBOXFACP 00000001 ASL  00000061)
[    0.000000] ACPI: DSDT 0x00000000DFFF0470 0022EA (v02 VBOX   VBOXBIOS 00000002 INTL 20180105)
[    0.000000] ACPI: FACS 0x00000000DFFF0200 000040
[    0.000000] ACPI: FACS 0x00000000DFFF0200 000040
[    0.000000] ACPI: APIC 0x00000000DFFF0240 00005C (v02 VBOX   VBOXAPIC 00000001 ASL  00000061)
[    0.000000] ACPI: SSDT 0x00000000DFFF02A0 0001CC (v01 VBOX   VBOXCPUT 00000002 INTL 20180105)
[    0.000000] No NUMA configuration found
[    0.000000] Faking a node at [mem 0x0000000000000000-0x0000000196ffffff]
[    0.000000] NODE_DATA(0) allocated [mem 0x196fd1000-0x196ffbfff]
[    0.000000] kvm-clock: cpu 0, msr 1:96f50001, primary cpu clock
[    0.000000] kvm-clock: Using msrs 4b564d01 and 4b564d00
[    0.000000] kvm-clock: using sched offset of 3244324582 cycles
[    0.000000] clocksource: kvm-clock: mask: 0xffffffffffffffff max_cycles: 0x1cd42e4dffb, max_idle_ns: 881590591483 ns
[    0.000000] Zone ranges:
[    0.000000]   DMA      [mem 0x0000000000001000-0x0000000000ffffff]
[    0.000000]   DMA32    [mem 0x0000000001000000-0x00000000ffffffff]
[    0.000000]   Normal   [mem 0x0000000100000000-0x0000000196ffffff]
[    0.000000]   Device   empty
[    0.000000] Movable zone start for each node
[    0.000000] Early memory node ranges
[    0.000000]   node   0: [mem 0x0000000000001000-0x000000000009efff]
[    0.000000]   node   0: [mem 0x0000000000100000-0x00000000dffeffff]
[    0.000000]   node   0: [mem 0x0000000100000000-0x0000000196ffffff]
[    0.000000] Reserved but unavailable: 98 pages
[    0.000000] Initmem setup node 0 [mem 0x0000000000001000-0x0000000196ffffff]
[    0.000000] ACPI: PM-Timer IO Port: 0x4008
[    0.000000] IOAPIC[0]: apic_id 2, version 32, address 0xfec00000, GSI 0-23
[    0.000000] ACPI: INT_SRC_OVR (bus 0 bus_irq 0 global_irq 2 dfl dfl)
[    0.000000] ACPI: INT_SRC_OVR (bus 0 bus_irq 9 global_irq 9 low level)
[    0.000000] Using ACPI (MADT) for SMP configuration information
[    0.000000] smpboot: Allowing 2 CPUs, 0 hotplug CPUs
[    0.000000] PM: Registered nosave memory: [mem 0x00000000-0x00000fff]
[    0.000000] PM: Registered nosave memory: [mem 0x0009f000-0x0009ffff]
[    0.000000] PM: Registered nosave memory: [mem 0x000a0000-0x000effff]
[    0.000000] PM: Registered nosave memory: [mem 0x000f0000-0x000fffff]
[    0.000000] PM: Registered nosave memory: [mem 0xdfff0000-0xdfffffff]
[    0.000000] PM: Registered nosave memory: [mem 0xe0000000-0xfebfffff]
[    0.000000] PM: Registered nosave memory: [mem 0xfec00000-0xfec00fff]
[    0.000000] PM: Registered nosave memory: [mem 0xfec01000-0xfedfffff]
[    0.000000] PM: Registered nosave memory: [mem 0xfee00000-0xfee00fff]
[    0.000000] PM: Registered nosave memory: [mem 0xfee01000-0xfffbffff]
[    0.000000] PM: Registered nosave memory: [mem 0xfffc0000-0xffffffff]
[    0.000000] e820: [mem 0xe0000000-0xfebfffff] available for PCI devices
[    0.000000] Booting paravirtualized kernel on KVM
[    0.000000] clocksource: refined-jiffies: mask: 0xffffffff max_cycles: 0xffffffff, max_idle_ns: 7645519600211568 ns
[    0.000000] random: get_random_bytes called from start_kernel+0x99/0x500 with crng_init=0
[    0.000000] setup_percpu: NR_CPUS:8192 nr_cpumask_bits:2 nr_cpu_ids:2 nr_node_ids:1
[    0.000000] percpu: Embedded 45 pages/cpu s147456 r8192 d28672 u1048576
[    0.000000] PV qspinlock hash table entries: 256 (order: 0, 4096 bytes)
[    0.000000] Built 1 zonelists, mobility grouping on.  Total pages: 1511865
[    0.000000] Policy zone: Normal
[    0.000000] Kernel command line: BOOT_IMAGE=/boot/vmlinuz-4.15.0-122-generic root=UUID=0679f1c9-b481-498c-ad60-511bcc87703f ro console=tty1 console=ttyS0
[    0.000000] Memory: 5932068K/6143544K available (12300K kernel code, 2482K rwdata, 4272K rodata, 2436K init, 2724K bss, 211476K reserved, 0K cma-reserved)
[    0.000000] SLUB: HWalign=64, Order=0-3, MinObjects=0, CPUs=2, Nodes=1
[    0.000000] Kernel/User page tables isolation: enabled
[    0.000000] ftrace: allocating 39402 entries in 154 pages
[    0.004000] Hierarchical RCU implementation.
[    0.004000] 	RCU restricting CPUs from NR_CPUS=8192 to nr_cpu_ids=2.
[    0.004000] 	Tasks RCU enabled.
[    0.004000] RCU: Adjusting geometry for rcu_fanout_leaf=16, nr_cpu_ids=2
[    0.004000] NR_IRQS: 524544, nr_irqs: 440, preallocated irqs: 16
[    0.004000] Console: colour VGA+ 80x25
[    0.004000] console [tty1] enabled
[    0.004000] console [ttyS0] enabled
[    0.004000] ACPI: Core revision 20170831
[    0.004000] ACPI: 2 ACPI AML tables successfully acquired and loaded
[    0.004000] APIC: Switch to symmetric I/O mode setup
[    0.004000] x2apic enabled
[    0.004000] Switched APIC routing to physical x2apic.
[    0.004000] ..TIMER: vector=0x30 apic1=0 pin1=2 apic2=-1 pin2=-1
[    0.004000] tsc: Detected 3599.998 MHz processor
[    0.004000] Calibrating delay loop (skipped) preset value.. 7199.99 BogoMIPS (lpj=14399992)
[    0.004004] pid_max: default: 32768 minimum: 301
[    0.004471] Security Framework initialized
[    0.004922] Yama: becoming mindful.
[    0.008015] AppArmor: AppArmor initialized
[    0.010179] Dentry cache hash table entries: 1048576 (order: 11, 8388608 bytes)
[    0.011756] Inode-cache hash table entries: 524288 (order: 10, 4194304 bytes)
[    0.012019] Mount-cache hash table entries: 16384 (order: 5, 131072 bytes)
[    0.012708] Mountpoint-cache hash table entries: 16384 (order: 5, 131072 bytes)
[    0.013596] Last level iTLB entries: 4KB 128, 2MB 8, 4MB 8
[    0.014168] Last level dTLB entries: 4KB 64, 2MB 0, 4MB 0, 1GB 4
[    0.014732] Spectre V1 : Mitigation: usercopy/swapgs barriers and __user pointer sanitization
[    0.015532] Spectre V2 : Mitigation: Full generic retpoline
[    0.016001] Spectre V2 : Spectre v2 / SpectreRSB mitigation: Filling RSB on context switch
[    0.016781] Speculative Store Bypass: Vulnerable
[    0.017262] SRBDS: Unknown: Dependent on hypervisor status
[    0.017790] MDS: Mitigation: Clear CPU buffers
[    0.018351] Freeing SMP alternatives memory: 36K
[    0.128509] smpboot: CPU0: Intel(R) Core(TM) i7-9700K CPU @ 3.60GHz (family: 0x6, model: 0x9e, stepping: 0xd)
[    0.129510] Performance Events: unsupported p6 CPU model 158 no PMU driver, software events only.
[    0.130382] Hierarchical SRCU implementation.
[    0.131228] NMI watchdog: Perf event create on CPU 0 failed with -2
[    0.131845] NMI watchdog: Perf NMI watchdog permanently disabled
[    0.132027] smp: Bringing up secondary CPUs ...
[    0.132549] x86: Booting SMP configuration:
[    0.132949] .... node  #0, CPUs:      #1
[    0.004000] kvm-clock: cpu 1, msr 1:96f50041, secondary cpu clock
[    0.136000] smp: Brought up 1 node, 2 CPUs
[    0.136000] smpboot: Max logical packages: 1
[    0.136003] smpboot: Total of 2 processors activated (14399.99 BogoMIPS)
[    0.136773] devtmpfs: initialized
[    0.136773] x86/mm: Memory block size: 128MB
[    0.140171] evm: security.selinux
[    0.140548] evm: security.SMACK64
[    0.140875] evm: security.SMACK64EXEC
[    0.141261] evm: security.SMACK64TRANSMUTE
[    0.141745] evm: security.SMACK64MMAP
[    0.142102] evm: security.apparmor
[    0.142437] evm: security.ima
[    0.142737] evm: security.capability
[    0.143111] clocksource: jiffies: mask: 0xffffffff max_cycles: 0xffffffff, max_idle_ns: 7645041785100000 ns
[    0.144007] futex hash table entries: 512 (order: 3, 32768 bytes)
[    0.144586] pinctrl core: initialized pinctrl subsystem
[    0.145169] RTC time:  0:31:08, date: 10/21/20
[    0.145785] NET: Registered protocol family 16
[    0.146291] audit: initializing netlink subsys (disabled)
[    0.146844] audit: type=2000 audit(1603240273.499:1): state=initialized audit_enabled=0 res=1
[    0.146844] cpuidle: using governor ladder
[    0.148006] cpuidle: using governor menu
[    0.148403] ACPI: bus type PCI registered
[    0.148833] acpiphp: ACPI Hot Plug PCI Controller Driver version: 0.5
[    0.149497] PCI: Using configuration type 1 for base access
[    0.150031] HugeTLB registered 2.00 MiB page size, pre-allocated 0 pages
[    0.150031] ACPI: Added _OSI(Module Device)
[    0.152002] ACPI: Added _OSI(Processor Device)
[    0.152422] ACPI: Added _OSI(3.0 _SCP Extensions)
[    0.152862] ACPI: Added _OSI(Processor Aggregator Device)
[    0.153397] ACPI: Added _OSI(Linux-Dell-Video)
[    0.153860] ACPI: Added _OSI(Linux-Lenovo-NV-HDMI-Audio)
[    0.154347] ACPI: Added _OSI(Linux-HPI-Hybrid-Graphics)
[    0.155032] ACPI: Executed 1 blocks of module-level executable AML code
[    0.157849] ACPI: Interpreter enabled
[    0.158215] ACPI: (supports S0 S5)
[    0.158552] ACPI: Using IOAPIC for interrupt routing
[    0.159151] PCI: Using host bridge windows from ACPI; if necessary, use "pci=nocrs" and report a bug
[    0.160000] ACPI: Enabled 2 GPEs in block 00 to 07
[    0.163412] ACPI: PCI Root Bridge [PCI0] (domain 0000 [bus 00-ff])
[    0.164005] acpi PNP0A03:00: _OSC: OS supports [ASPM ClockPM Segments MSI]
[    0.164958] acpi PNP0A03:00: _OSC: not requesting OS control; OS requires [ExtendedConfig ASPM ClockPM MSI]
[    0.165845] acpi PNP0A03:00: fail to add MMCONFIG information, can't access extended PCI configuration space under this bridge.
[    0.167500] PCI host bridge to bus 0000:00
[    0.168002] pci_bus 0000:00: root bus resource [io  0x0000-0x0cf7 window]
[    0.168611] pci_bus 0000:00: root bus resource [io  0x0d00-0xffff window]
[    0.169942] pci_bus 0000:00: root bus resource [mem 0x000a0000-0x000bffff window]
[    0.171815] pci_bus 0000:00: root bus resource [mem 0xe0000000-0xfdffffff window]
[    0.172002] pci_bus 0000:00: root bus resource [bus 00-ff]
[    0.173547] pci 0000:00:01.1: legacy IDE quirk: reg 0x10: [io  0x01f0-0x01f7]
[    0.174182] pci 0000:00:01.1: legacy IDE quirk: reg 0x14: [io  0x03f6]
[    0.176002] pci 0000:00:01.1: legacy IDE quirk: reg 0x18: [io  0x0170-0x0177]
[    0.176636] pci 0000:00:01.1: legacy IDE quirk: reg 0x1c: [io  0x0376]
[    0.224403] pci 0000:00:07.0: quirk: [io  0x4000-0x403f] claimed by PIIX4 ACPI
[    0.225142] pci 0000:00:07.0: quirk: [io  0x4100-0x410f] claimed by PIIX4 SMB
[    0.252572] ACPI: PCI Interrupt Link [LNKA] (IRQs 5 9 10 *11)
[    0.253355] ACPI: PCI Interrupt Link [LNKB] (IRQs 5 9 *10 11)
[    0.253952] ACPI: PCI Interrupt Link [LNKC] (IRQs 5 *9 10 11)
[    0.254557] ACPI: PCI Interrupt Link [LNKD] (IRQs 5 9 10 *11)
[    0.255695] SCSI subsystem initialized
[    0.256040] pci 0000:00:02.0: vgaarb: setting as boot VGA device
[    0.256606] pci 0000:00:02.0: vgaarb: VGA device added: decodes=io+mem,owns=io+mem,locks=none
[    0.257464] pci 0000:00:02.0: vgaarb: bridge control possible
[    0.258043] vgaarb: loaded
[    0.258343] ACPI: bus type USB registered
[    0.258788] usbcore: registered new interface driver usbfs
[    0.259310] usbcore: registered new interface driver hub
[    0.260013] usbcore: registered new device driver usb
[    0.260512] EDAC MC: Ver: 3.0.0
[    0.260558] PCI: Using ACPI for IRQ routing
[    0.260600] NetLabel: Initializing
[    0.261013] NetLabel:  domain hash size = 128
[    0.261436] NetLabel:  protocols = UNLABELED CIPSOv4 CALIPSO
[    0.261972] NetLabel:  unlabeled traffic allowed by default
[    0.264009] clocksource: Switched to clocksource kvm-clock
[    0.271535] VFS: Disk quotas dquot_6.6.0
[    0.271975] VFS: Dquot-cache hash table entries: 512 (order 0, 4096 bytes)
[    0.272721] AppArmor: AppArmor Filesystem Enabled
[    0.273188] pnp: PnP ACPI init
[    0.274108] pnp: PnP ACPI: found 3 devices
[    0.281622] clocksource: acpi_pm: mask: 0xffffff max_cycles: 0xffffff, max_idle_ns: 2085701024 ns
[    0.282521] NET: Registered protocol family 2
[    0.283089] TCP established hash table entries: 65536 (order: 7, 524288 bytes)
[    0.283844] TCP bind hash table entries: 65536 (order: 8, 1048576 bytes)
[    0.284886] TCP: Hash tables configured (established 65536 bind 65536)
[    0.285503] UDP hash table entries: 4096 (order: 5, 131072 bytes)
[    0.286065] UDP-Lite hash table entries: 4096 (order: 5, 131072 bytes)
[    0.286677] NET: Registered protocol family 1
[    0.287100] pci 0000:00:00.0: Limiting direct PCI/PCI transfers
[    0.287678] pci 0000:00:01.0: Activating ISA DMA hang workarounds
[    0.288309] pci 0000:00:02.0: Video device with shadowed ROM at [mem 0x000c0000-0x000dffff]
[    0.289204] Unpacking initramfs...
[    0.475793] Freeing initrd memory: 19764K
[    0.476346] PCI-DMA: Using software bounce buffering for IO (SWIOTLB)
[    0.477014] software IO TLB: mapped [mem 0xdbff0000-0xdfff0000] (64MB)
[    0.477632] clocksource: tsc: mask: 0xffffffffffffffff max_cycles: 0x33e451ab1a6, max_idle_ns: 440795278720 ns
[    0.478566] platform rtc_cmos: registered platform RTC device (no PNP device found)
[    0.479332] Scanning for low memory corruption every 60 seconds
[    0.480381] Initialise system trusted keyrings
[    0.480912] Key type blacklist registered
[    0.481380] workingset: timestamp_bits=36 max_order=21 bucket_order=0
[    0.482573] zbud: loaded
[    0.483184] squashfs: version 4.0 (2009/01/31) Phillip Lougher
[    0.483850] fuse init (API version 7.26)
[    0.485866] Key type asymmetric registered
[    0.486277] Asymmetric key parser 'x509' registered
[    0.486782] Block layer SCSI generic (bsg) driver version 0.4 loaded (major 246)
[    0.487496] io scheduler noop registered
[    0.487876] io scheduler deadline registered
[    0.488309] io scheduler cfq registered (default)
[    0.489018] ACPI: AC Adapter [AC] (on-line)
[    0.489479] input: Power Button as /devices/LNXSYSTM:00/LNXPWRBN:00/input/input0
[    0.490258] ACPI: Power Button [PWRF]
[    0.490654] input: Sleep Button as /devices/LNXSYSTM:00/LNXSLPBN:00/input/input1
[    0.491340] ACPI: Sleep Button [SLPF]
[    0.491950] Serial: 8250/16550 driver, 32 ports, IRQ sharing enabled
[    0.513282] 00:02: ttyS0 at I/O 0x3f8 (irq = 4, base_baud = 115200) is a 16550A
[    0.515790] Linux agpgart interface v0.103
[    0.517156] loop: module loaded
[    0.518669] scsi host0: ata_piix
[    0.519714] scsi host1: ata_piix
[    0.520656] ata1: PATA max UDMA/33 cmd 0x1f0 ctl 0x3f6 bmdma 0xd000 irq 14
[    0.521391] ata2: PATA max UDMA/33 cmd 0x170 ctl 0x376 bmdma 0xd008 irq 15
[    0.522086] libphy: Fixed MDIO Bus: probed
[    0.522624] tun: Universal TUN/TAP device driver, 1.6
[    0.523164] PPP generic driver version 2.4.2
[    0.523637] ehci_hcd: USB 2.0 'Enhanced' Host Controller (EHCI) Driver
[    0.524240] ehci-pci: EHCI PCI platform driver
[    0.524669] ehci-platform: EHCI generic platform driver
[    0.525229] ohci_hcd: USB 1.1 'Open' Host Controller (OHCI) Driver
[    0.525787] ohci-pci: OHCI PCI platform driver
[    0.526282] ohci-platform: OHCI generic platform driver
[    0.526776] uhci_hcd: USB Universal Host Controller Interface driver
[    0.527377] i8042: PNP: PS/2 Controller [PNP0303:PS2K,PNP0f03:PS2M] at 0x60,0x64 irq 1,12
[    0.528534] serio: i8042 KBD port at 0x60,0x64 irq 1
[    0.529081] serio: i8042 AUX port at 0x60,0x64 irq 12
[    0.529718] mousedev: PS/2 mouse device common for all mice
[    0.530623] rtc_cmos rtc_cmos: rtc core: registered rtc_cmos as rtc0
[    0.531237] input: AT Translated Set 2 keyboard as /devices/platform/i8042/serio0/input/input2
[    0.532497] rtc_cmos rtc_cmos: alarms up to one day, 114 bytes nvram
[    0.533112] i2c /dev entries driver
[    0.533535] device-mapper: uevent: version 1.0.3
[    0.534038] device-mapper: ioctl: 4.37.0-ioctl (2017-09-20) initialised: dm-devel@redhat.com
[    0.534878] ledtrig-cpu: registered to indicate activity on CPUs
[    0.535673] NET: Registered protocol family 10
[    0.538692] Segment Routing with IPv6
[    0.539068] NET: Registered protocol family 17
[    0.539529] Key type dns_resolver registered
[    0.540178] mce: Using 0 MCE banks
[    0.540525] RAS: Correctable Errors collector initialized.
[    0.541083] sched_clock: Marking stable (540159887, 0)->(680463815, -140303928)
[    0.542126] registered taskstats version 1
[    0.542550] Loading compiled-in X.509 certificates
[    0.544451] Loaded X.509 cert 'Build time autogenerated kernel key: 1ac9abf9980c816fb9cfffb58ec8b2f33f2baf04'
[    0.545430] zswap: loaded using pool lzo/zbud
[    0.548247] Key type big_key registered
[    0.548664] Key type trusted registered
[    0.550289] Key type encrypted registered
[    0.550689] AppArmor: AppArmor sha1 policy hashing enabled
[    0.551194] ima: No TPM chip found, activating TPM-bypass! (rc=-19)
[    0.551771] ima: Allocated hash algorithm: sha1
[    0.552220] evm: HMAC attrs: 0x1
[    0.552740]   Magic number: 8:78:507
[    0.553269] rtc_cmos rtc_cmos: setting system clock to 2020-10-21 00:31:08 UTC (1603240268)
[    0.554218] BIOS EDD facility v0.16 2004-Jun-25, 0 devices found
[    0.554767] EDD information not available.
[    0.691375] Freeing unused kernel image memory: 2436K
[    0.700118] Write protecting the kernel read-only data: 20480k
[    0.701175] Freeing unused kernel image memory: 2008K
[    0.701941] Freeing unused kernel image memory: 1872K
[    0.707952] x86/mm: Checked W+X mappings: passed, no W+X pages found.
[    0.708549] x86/mm: Checking user space page tables
[    0.714356] x86/mm: Checked W+X mappings: passed, no W+X pages found.
Loading, please wait...
starting version 237
[    0.755167] e1000: Intel(R) PRO/1000 Network Driver - version 7.3.21-k8-NAPI
[    0.755883] e1000: Copyright (c) 1999-2006 Intel Corporation.
[    0.757772] Fusion MPT base driver 3.04.20
[    0.758229] Copyright (c) 1999-2008 LSI Corporation
[    0.761885] Fusion MPT SPI Host driver 3.04.20
[    0.773654] AVX2 version of gcm_enc/dec engaged.
[    0.774148] AES CTR mode by8 optimization enabled
[    0.964970] input: ImExPS/2 Generic Explorer Mouse as /devices/platform/i8042/serio1/input/input4
[    1.103186] e1000 0000:00:03.0 eth0: (PCI:33MHz:32-bit) 02:85:4f:0b:ef:e7
[    1.103919] e1000 0000:00:03.0 eth0: Intel(R) PRO/1000 Network Connection
[    1.105321] mptbase: ioc0: Initiating bringup
[    1.200825] ioc0: LSI53C1030 A0: Capabilities={Initiator}
[    1.445809] scsi host2: ioc0: LSI53C1030 A0, FwRev=00000000h, Ports=1, MaxQ=256, IRQ=20
[    1.621256] scsi 2:0:0:0: Direct-Access     VBOX     HARDDISK         1.0  PQ: 0 ANSI: 5
[    1.660198] scsi target2:0:0: Beginning Domain Validation
[    1.699481] scsi target2:0:0: Domain Validation skipping write tests
[    1.701075] scsi target2:0:0: Ending Domain Validation
[    1.710898] scsi target2:0:0: asynchronous
[    1.731925] scsi 2:0:1:0: Direct-Access     VBOX     HARDDISK         1.0  PQ: 0 ANSI: 5
[    1.766853] scsi target2:0:1: Beginning Domain Validation
[    1.768889] random: fast init done
[    1.769332] scsi target2:0:1: Domain Validation skipping write tests
[    1.769939] scsi target2:0:1: Ending Domain Validation
[    1.770491] scsi target2:0:1: asynchronous
[    1.773023] random: systemd-udevd: uninitialized urandom read (16 bytes read)
[    1.773708] random: systemd-udevd: uninitialized urandom read (16 bytes read)
[    1.774914] random: systemd-udevd: uninitialized urandom read (16 bytes read)
[    1.775734] sd 2:0:0:0: [sda] 20971520 512-byte logical blocks: (10.7 GB/10.0 GiB)
[    1.776528] sd 2:0:0:0: [sda] Write Protect is off
[    1.777234] sd 2:0:0:0: [sda] Incomplete mode parameter data
[    1.777842] sd 2:0:0:0: [sda] Assuming drive cache: write through
[    1.778697] sd 2:0:0:0: Attached scsi generic sg0 type 0
[    1.779817]  sda: sda1
[    1.780304] sd 2:0:0:0: [sda] Attached SCSI disk
[    1.780881] sd 2:0:1:0: [sdb] 20480 512-byte logical blocks: (10.5 MB/10.0 MiB)
[    1.781676] sd 2:0:1:0: [sdb] Write Protect is off
[    1.782328] sd 2:0:1:0: [sdb] Incomplete mode parameter data
[    1.782876] sd 2:0:1:0: [sdb] Assuming drive cache: write through
[    1.783512] sd 2:0:1:0: Attached scsi generic sg1 type 0
[    1.786715] sd 2:0:1:0: [sdb] Attached SCSI disk
[    1.990599] e1000 0000:00:08.0 eth1: (PCI:33MHz:32-bit) 08:00:27:58:d8:e4
[    1.991285] e1000 0000:00:08.0 eth1: Intel(R) PRO/1000 Network Connection
[    1.992622] e1000 0000:00:08.0 enp0s8: renamed from eth1
[    2.025337] e1000 0000:00:03.0 enp0s3: renamed from eth0
Begin: Loading essential drivers ... [    3.332319] raid6: sse2x1   gen() 17091 MB/s
[    3.380311] raid6: sse2x1   xor()  9752 MB/s
[    3.428830] raid6: sse2x2   gen() 21301 MB/s
[    3.482278] raid6: sse2x2   xor() 14998 MB/s
[    3.528245] raid6: sse2x4   gen() 22069 MB/s
[    3.582325] raid6: sse2x4   xor() 15297 MB/s
[    3.628928] raid6: avx2x1   gen() 33893 MB/s
[    3.682317] raid6: avx2x1   xor() 21659 MB/s
[    3.732309] raid6: avx2x2   gen() 41669 MB/s
[    3.782279] raid6: avx2x2   xor() 26672 MB/s
[    3.828216] raid6: avx2x4   gen() 42714 MB/s
[    3.882274] raid6: avx2x4   xor() 29620 MB/s
[    3.882738] raid6: using algorithm avx2x4 gen() 42714 MB/s
[    3.883319] raid6: .... xor() 29620 MB/s, rmw enabled
[    3.883784] raid6: using avx2x2 recovery algorithm
[    3.885197] xor: automatically using best checksumming function   avx       
[    3.886682] async_tx: api initialized (async)
done.
Begin: Running /scripts/init-premount ... done.
Begin: Mounting root file system ... Begin: Running /scripts/local-top ... done.
Begin: Running /scripts/local-premount ... [    3.916076] Btrfs loaded, crc32c=crc32c-intel
Scanning for Btrfs filesystems
done.
Warning: fsck not present, so skipping root file system
[    3.945154] EXT4-fs (sda1): mounted filesystem with ordered data mode. Opts: (null)
done.
Begin: Running /scripts/local-bottom ... done.
Begin: Running /scripts/init-bottom ... done.
[    4.165560] ip_tables: (C) 2000-2006 Netfilter Core Team
[    4.174345] systemd[1]: systemd 237 running in system mode. (+PAM +AUDIT +SELINUX +IMA +APPARMOR +SMACK +SYSVINIT +UTMP +LIBCRYPTSETUP +GCRYPT +GNUTLS +ACL +XZ +LZ4 +SECCOMP +BLKID +ELFUTILS +KMOD -IDN2 +IDN -PCRE2 default-hierarchy=hybrid)
[    4.176930] systemd[1]: Detected virtualization oracle.
[    4.177623] systemd[1]: Detected architecture x86-64.

Welcome to [1mUbuntu 18.04.4 LTS[0m!

[    4.182671] systemd[1]: Set hostname to <ubuntu-bionic>.
[    4.623670] systemd[1]: Reached target System Time Synchronized.
[[0;32m  OK  [0m] Reached target System Time Synchronized.
[    4.625749] systemd[1]: Set up automount Arbitrary Executable File Formats File System Automount Point.
[[0;32m  OK  [0m] Set up automount Arbitrary Executab…rmats File System Automount Point.
[    4.628091] systemd[1]: Started Forward Password Requests to Wall Directory Watch.
[[0;32m  OK  [0m] Started Forward Password Requests to Wall Directory Watch.
[    4.631925] systemd[1]: Created slice User and Session Slice.
[[0;32m  OK  [0m] Created slice User and Session Slice.
[    4.633882] systemd[1]: Created slice System Slice.
[[0;32m  OK  [0m] Created slice System Slice.
[    4.635427] systemd[1]: Listening on Network Service Netlink Socket.
[[0;32m  OK  [0m] Listening on Network Service Netlink Socket.
[[0;32m  OK  [0m] Reached target Slices.
[[0;32m  OK  [0m] Created slice system-serial\x2dgetty.slice.
[[0;32m  OK  [0m] Listening on udev Kernel Socket.
[[0;32m  OK  [0m] Listening on Syslog Socket.
[[0;32m  OK  [0m] Listening on Journal Socket (/dev/log).
[[0;32m  OK  [0m] Listening on LVM2 poll daemon socket.
[[0;32m  OK  [0m] Listening on Device-mapper event daemon FIFOs.
[[0;32m  OK  [0m] Listening on LVM2 metadata daemon socket.
[[0;32m  OK  [0m] Listening on /dev/initctl Compatibility Named Pipe.
[[0;32m  OK  [0m] Listening on udev Control Socket.
[[0;32m  OK  [0m] Reached target Swap.
[[0;32m  OK  [0m] Listening on Journal Audit Socket.
[[0;32m  OK  [0m] Reached target User and Group Name Lookups.
[[0;32m  OK  [0m] Listening on Journal Socket.
         Starting Remount Root and Kernel File Systems...
         Starting Load Kernel Modules...
         Starting udev Coldplug all Devices...
         Mounting Kernel Debug File System...
         Starting Monitoring of LVM2 mirrors…ng dmeventd or progress polling...
         Starting Uncomplicated firewall...
[    4.659493] EXT4-fs (sda1): re-mounted. Opts: (null)
         Mounting Huge Pages File System...
[    4.669285] Loading iSCSI transport class v2.0-870.
[    4.674291] iscsi: registered transport (tcp)
         Starting Set the console keyboard layout...
         Starting Create list of required st…ce nodes for the current kernel...
         Starting Journal Service...
         Mounting POSIX Message Queue File System...
[[0;32m  OK  [0m] Started Remount Root and Kernel File Systems.
[[0;32m  OK  [0m] Mounted Kernel Debug File System.
[[0;32m  OK  [0m] Started Uncomplicated firewall.
[[0;32m  OK  [0m] Mounted Huge Pages File System.
[[0;32m  OK  [0m] Started Create list of required sta…vice nodes for the current kernel.
[[0;32m  OK  [0m] Mounted POSIX Message Queue File System.
[[0;32m  OK  [0m] Started LVM2 metadata daemon.
         Starting Create Static Device Nodes in /dev...
         Starting Load/Save Random Seed...
[    4.753914] iscsi: registered transport (iser)
[[0;32m  OK  [0m] Started Journal Service.
[[0;32m  OK  [0m] Started Load Kernel Modules.
[[0;32m  OK  [0m] Started udev Coldplug all Devices.
         Starting Apply Kernel Variables...
         Mounting FUSE Control File System...
         Mounting Kernel Configuration File System...
         Starting Flush Journal to Persistent Storage...
[[0;32m  OK  [0m] Mounted FUSE Control File System.
[[0;32m  OK  [0m] Mounted Kernel Configuration File System.
[[0;32m  OK  [0m] Started Create Static Device Nodes in /dev.
         Starting udev Kernel Device Manager...
[[0;32m  OK  [0m] Started Load/Save Random Seed.
[[0;32m  OK  [0m] Started Monitoring of LVM2 mirrors,…sing dmeventd or progress polling.
[[0;32m  OK  [0m] Started udev Kernel Device Manager.
[[0;32m  OK  [0m] Started Apply Kernel Variables.
[[0;32m  OK  [0m] Started Set the console keyboard layout.
[[0;32m  OK  [0m] Reached target Local File Systems (Pre).
[[0;32m  OK  [0m] Reached target Local File Systems.
         Starting ebtables ruleset management...
         Starting AppArmor initialization...
         Starting Tell Plymouth To Write Out Runtime Data...
         Starting Set console font and keymap...
[[0;32m  OK  [0m] Started Dispatch Password Requests to Console Directory Watch.
[[0;32m  OK  [0m] Reached target Local Encrypted Volumes.
[[0;32m  OK  [0m] Found device /dev/ttyS0.
[[0;32m  OK  [0m] Started Tell Plymouth To Write Out Runtime Data.
[[0;32m  OK  [0m] Started Set console font and keymap.
[[0;32m  OK  [0m] Started Flush Journal to Persistent Storage.
         Starting Create Volatile Files and Directories...
[[0;32m  OK  [0m] Listening on Load/Save RF Kill Switch Status /dev/rfkill Watch.
[[0;32m  OK  [0m] Started Create Volatile Files and Directories.
         Starting Update UTMP about System Boot/Shutdown...
[[0;32m  OK  [0m] Started Update UTMP about System Boot/Shutdown.
[[0;32m  OK  [0m] Started ebtables ruleset management.
[[0;32m  OK  [0m] Started AppArmor initialization.
         Starting Load AppArmor profiles managed internally by snapd...
         Starting Initial cloud-init job (pre-networking)...
[[0;32m  OK  [0m] Started Load AppArmor profiles managed internally by snapd.
[    6.560317] cloud-init[572]: Cloud-init v. 20.3-2-g371b392c-0ubuntu1~18.04.1 running 'init-local' at Wed, 21 Oct 2020 00:31:14 +0000. Up 6.41 seconds.
[[0;32m  OK  [0m] Started Initial cloud-init job (pre-networking).
[[0;32m  OK  [0m] Reached target Network (Pre).
         Starting Network Service...
[[0;32m  OK  [0m] Started Network Service.
         Starting Wait for Network to be Configured...
         Starting Network Name Resolution...
[[0;32m  OK  [0m] Started Network Name Resolution.
[[0;32m  OK  [0m] Reached target Host and Network Name Lookups.
[[0;32m  OK  [0m] Reached target Network.
[[0;32m  OK  [0m] Started Wait for Network to be Configured.
         Starting Initial cloud-init job (metadata service crawler)...
[    8.550685] cloud-init[687]: Cloud-init v. 20.3-2-g371b392c-0ubuntu1~18.04.1 running 'init' at Wed, 21 Oct 2020 00:31:16 +0000. Up 8.46 seconds.
[    8.551477] cloud-init[687]: ci-info: ++++++++++++++++++++++++++++++++++++++Net device info+++++++++++++++++++++++++++++++++++++++
[    8.564174] cloud-init[687]: ci-info: +--------+------+-----------------------------+---------------+--------+-------------------+
[    8.564942] cloud-init[687]: ci-info: | Device |  Up  |           Address           |      Mask     | Scope  |     Hw-Address    |
[    8.565674] cloud-init[687]: ci-info: +--------+------+-----------------------------+---------------+--------+-------------------+
[    8.566429] cloud-init[687]: ci-info: | enp0s3 | True |          10.0.2.15          | 255.255.255.0 | global | 02:85:4f:0b:ef:e7 |
[    8.567161] cloud-init[687]: ci-info: | enp0s3 | True |  fe80::85:4fff:fe0b:efe7/64 |       .       |  link  | 02:85:4f:0b:ef:e7 |
[    8.567885] cloud-init[687]: ci-info: | enp0s8 | True |        192.168.33.15        | 255.255.255.0 | global | 08:00:27:58:d8:e4 |
[    8.568662] cloud-init[687]: ci-info: | enp0s8 | True | fe80::a00:27ff:fe58:d8e4/64 |       .       |  link  | 08:00:27:58:d8:e4 |
[    8.569779] cloud-init[687]: ci-info: |   lo   | True |          127.0.0.1          |   255.0.0.0   |  host  |         .         |
[    8.584171] cloud-init[687]: ci-info: |   lo   | True |           ::1/128           |       .       |  host  |         .         |
[    8.584916] cloud-init[687]: ci-info: +--------+------+-----------------------------+---------------+--------+-------------------+
[    8.585620] cloud-init[687]: ci-info: +++++++++++++++++++++++++++++Route IPv4 info+++++++++++++++++++++++++++++
[    8.586254] cloud-init[687]: ci-info: +-------+--------------+----------+-----------------+-----------+-------+
[    8.586937] cloud-init[687]: ci-info: | Route | Destination  | Gateway  |     Genmask     | Interface | Flags |
[    8.587676] cloud-init[687]: ci-info: +-------+--------------+----------+-----------------+-----------+-------+
[    8.588321] cloud-init[687]: ci-info: |   0   |   0.0.0.0    | 10.0.2.2 |     0.0.0.0     |   enp0s3  |   UG  |
[    8.588978] cloud-init[687]: ci-info: |   1   |   10.0.2.0   | 0.0.0.0  |  255.255.255.0  |   enp0s3  |   U   |
[    8.589713] cloud-init[687]: ci-info: |   2   |   10.0.2.2   | 0.0.0.0  | 255.255.255.255 |   enp0s3  |   UH  |
[    8.590340] cloud-init[687]: ci-info: |   3   | 192.168.33.0 | 0.0.0.0  |  255.255.255.0  |   enp0s8  |   U   |
[    8.590953] cloud-init[687]: ci-info: +-------+--------------+----------+-----------------+-----------+-------+
[    8.591689] cloud-init[687]: ci-info: +++++++++++++++++++Route IPv6 info+++++++++++++++++++
[    8.592366] cloud-init[687]: ci-info: +-------+-------------+---------+-----------+-------+
[    8.604136] cloud-init[687]: ci-info: | Route | Destination | Gateway | Interface | Flags |
[    8.604727] cloud-init[687]: ci-info: +-------+-------------+---------+-----------+-------+
[    8.605371] cloud-init[687]: ci-info: |   1   |  fe80::/64  |    ::   |   enp0s3  |   U   |
[    8.605863] cloud-init[687]: ci-info: |   2   |  fe80::/64  |    ::   |   enp0s8  |   U   |
[    8.606498] cloud-init[687]: ci-info: |   4   |    local    |    ::   |   enp0s3  |   U   |
[    8.606971] cloud-init[687]: ci-info: |   5   |    local    |    ::   |   enp0s8  |   U   |
[    8.607668] cloud-init[687]: ci-info: |   6   |   ff00::/8  |    ::   |   enp0s3  |   U   |
[    8.608213] cloud-init[687]: ci-info: |   7   |   ff00::/8  |    ::   |   enp0s8  |   U   |
[    8.608886] cloud-init[687]: ci-info: +-------+-------------+---------+-----------+-------+
[[0;32m  OK  [0m] Started Initial cloud-init job (metadata service crawler).
[[0;32m  OK  [0m] Reached target System Initialization.
         Starting Socket activation for snappy daemon.
[[0;32m  OK  [0m] Listening on ACPID Listen Socket.
[[0;32m  OK  [0m] Started Daily Cleanup of Temporary Directories.
[[0;32m  OK  [0m] Started Clean PHP session files every 30 mins.
[[0;32m  OK  [0m] Started Message of the Day.
[[0;32m  OK  [0m] Listening on D-Bus System Message Bus Socket.
[[0;32m  OK  [0m] Started Discard unused blocks once a week.
         Starting LXD - unix socket.
[[0;32m  OK  [0m] Listening on Open-iSCSI iscsid Socket.
[[0;32m  OK  [0m] Started ACPI Events Check.
[[0;32m  OK  [0m] Reached target Paths.
[[0;32m  OK  [0m] Started Daily apt download activities.
[[0;32m  OK  [0m] Listening on UUID daemon activation socket.
[[0;32m  OK  [0m] Started Daily apt upgrade and clean activities.
[[0;32m  OK  [0m] Reached target Timers.
[[0;32m  OK  [0m] Reached target Network is Online.
         Starting Availability of block devices...
[[0;32m  OK  [0m] Reached target Remote File Systems (Pre).
[[0;32m  OK  [0m] Reached target Remote File Systems.
[[0;32m  OK  [0m] Reached target Cloud-config availability.
[[0;32m  OK  [0m] Listening on Socket activation for snappy daemon.
[[0;32m  OK  [0m] Listening on LXD - unix socket.
[[0;32m  OK  [0m] Started Availability of block devices.
[[0;32m  OK  [0m] Reached target Sockets.
[[0;32m  OK  [0m] Reached target Basic System.
         Starting LSB: Record successful boot for GRUB...
         Starting The PHP 7.4 FastCGI Process Manager...
[[0;32m  OK  [0m] Started Regular background program processing daemon.
         Starting LSB: automatic crash report generation...
         Starting Virtualbox guest utils...
[[0;32m  OK  [0m] Started D-Bus System Message Bus.
[[0;32m  OK  [0m] Started FUSE filesystem for LXC.
[[0;32m  OK  [0m] Started irqbalance daemon.
         Starting Permit User Sessions...
         Starting LXD - container startup/shutdown...
         Starting The Apache HTTP Server...
         Starting Clean php session files...
         Starting Accounts Service...
         Starting Snap Daemon...
         Starting Login Service...
         Starting Dispatcher daemon for systemd-networkd...
         Starting OpenBSD Secure Shell server...
         Starting System Logging Service...
[[0;32m  OK  [0m] Started Deferred execution scheduler.
[[0;32m  OK  [0m] Started Permit User Sessions.
[[0;32m  OK  [0m] Started Login Service.
[[0;32m  OK  [0m] Started Unattended Upgrades Shutdown.
         Starting Terminate Plymouth Boot Screen...
         Starting Hold until boot process finishes up...
[[0;32m  OK  [0m] Started Hold until boot process finishes up.
[[0;32m  OK  [0m] Started Terminate Plymouth Boot Screen.
[[0;32m  OK  [0m] Started System Logging Service.
[[0;32m  OK  [0m] Started LSB: automatic crash report generation.
         Starting Authorization Manager...
         Starting Set console scheme...
[[0;32m  OK  [0m] Started Serial Getty on ttyS0.
[[0;32m  OK  [0m] Started LXD - container startup/shutdown.
[[0;32m  OK  [0m] Started Authorization Manager.
[[0;32m  OK  [0m] Started Accounts Service.
[[0;32m  OK  [0m] Started Set console scheme.
[[0;32m  OK  [0m] Created slice system-getty.slice.
[[0;32m  OK  [0m] Started Getty on tty1.
[[0;32m  OK  [0m] Reached target Login Prompts.
[[0;32m  OK  [0m] Started OpenBSD Secure Shell server.
[[0;32m  OK  [0m] Started LSB: Record successful boot for GRUB.
[[0;32m  OK  [0m] Started Virtualbox guest utils.
[[0;32m  OK  [0m] Started The PHP 7.4 FastCGI Process Manager.
[[0;32m  OK  [0m] Started The Apache HTTP Server.
[[0;32m  OK  [0m] Started Dispatcher daemon for systemd-networkd.
[[0;32m  OK  [0m] Started Clean php session files.
[[0;32m  OK  [0m] Started Snap Daemon.
         Starting Wait until snapd is fully seeded...
[[0;32m  OK  [0m] Started Wait until snapd is fully seeded.
         Starting Apply the settings specified in cloud-config...
[[0;32m  OK  [0m] Reached target Multi-User System.
[[0;32m  OK  [0m] Reached target Graphical Interface.
         Starting Update UTMP about System Runlevel Changes...
[[0;32m  OK  [0m] Started Update UTMP about System Runlevel Changes.
[   10.873785] cloud-init[1348]: Cloud-init v. 20.3-2-g371b392c-0ubuntu1~18.04.1 running 'modules:config' at Wed, 21 Oct 2020 00:31:18 +0000. Up 10.81 seconds.
[[0;32m  OK  [0m] Started Apply the settings specified in cloud-config.
         Starting Execute cloud user/final scripts...
[   11.166344] cloud-init[1385]: Cloud-init v. 20.3-2-g371b392c-0ubuntu1~18.04.1 running 'modules:final' at Wed, 21 Oct 2020 00:31:19 +0000. Up 11.10 seconds.
[   11.167290] cloud-init[1385]: Cloud-init v. 20.3-2-g371b392c-0ubuntu1~18.04.1 finished at Wed, 21 Oct 2020 00:31:19 +0000. Datasource DataSourceNoCloud [seed=/dev/sdb][dsmode=net].  Up 11.16 seconds
[[0;32m  OK  [0m] Started Execute cloud user/final scripts.
[[0;32m  OK  [0m] Reached target Cloud-init target.

Ubuntu 18.04.4 LTS ubuntu-bionic ttyS0

ubuntu-bionic login: [[0;32m  OK  [0m] Closed Load/Save RF Kill Switch Status /dev/rfkill Watch.
         Stopping Availability of block devices...
[[0;32m  OK  [0m] Stopped target Timers.
[[0;32m  OK  [0m] Stopped Daily Cleanup of Temporary Directories.
[[0;32m  OK  [0m] Stopped Message of the Day.
         Stopping Authorization Manager...
[[0;32m  OK  [0m] Stopped target Cloud-init target.
[[0;32m  OK  [0m] Stopped Execute cloud user/final scripts.
[[0;32m  OK  [0m] Stopped Daily apt upgrade and clean activities.
[[0;32m  OK  [0m] Stopped Daily apt download activities.
[[0;32m  OK  [0m] Stopped Discard unused blocks once a week.
         Stopping User Manager for UID 1000...
[[0;32m  OK  [0m] Stopped Apply the settings specified in cloud-config.
[[0;32m  OK  [0m] Stopped target Cloud-config availability.
[[0;32m  OK  [0m] Stopped target Network is Online.
[[0;32m  OK  [0m] Stopped Clean PHP session files every 30 mins.
[[0;32m  OK  [0m] Stopped target System Time Synchronized.
         Stopping Session 5 of user vagrant.
[[0;32m  OK  [0m] Stopped target Graphical Interface.
[[0;32m  OK  [0m] Stopped target Multi-User System.
[[0;32m  OK  [0m] Stopped Wait until snapd is fully seeded.
         Stopping LXD - container startup/shutdown...
         Stopping OpenBSD Secure Shell server...
         Stopping irqbalance daemon...
         Stopping The PHP 7.4 FastCGI Process Manager...
         Stopping LSB: Record successful boot for GRUB...
         Stopping System Logging Service...
         Stopping Regular background program processing daemon...
         Stopping LSB: automatic crash report generation...
         Stopping Deferred execution scheduler...
         Stopping Unattended Upgrades Shutdown...
         Stopping FUSE filesystem for LXC...
         Stopping D-Bus System Message Bus...
         Stopping The Apache HTTP Server...
[[0;32m  OK  [0m] Stopped target Login Prompts.
         Stopping Getty on tty1...
         Stopping Dispatcher daemon for systemd-networkd...
         Stopping Virtualbox guest utils...
                  Stopping Accounts Service...
[[0;32m  OK  [0m] Unmounted /var/lib/lxcfs.
[[0;32m  OK  [0m] Stopped Regular background program processing daemon.
[[0;32m  OK  [0m] Stopped irqbalance daemon.
[[0;32m  OK  [0m] Stopped Deferred execution scheduler.
[[0;32m  OK  [0m] Stopped OpenBSD Secure Shell server.
[[0;32m  OK  [0m] Stopped Authorization Manager.
[[0;32m  OK  [0m] Stopped Serial Getty on ttyS0.
[[0;32m  OK  [0m] Stopped User Manager for UID 1000.
[[0;32m  OK  [0m] Stopped Dispatcher daemon for systemd-networkd.
[[0;32m  OK  [0m] Stopped System Logging Service.
[[0;32m  OK  [0m] Stopped Unattended Upgrades Shutdown.
[[0;32m  OK  [0m] Stopped D-Bus System Message Bus.
[[0;32m  OK  [0m] Stopped The PHP 7.4 FastCGI Process Manager.
[[0;32m  OK  [0m] Stopped Session 5 of user vagrant.
[[0;32m  OK  [0m] Stopped Accounts Service.
[[0;32m  OK  [0m] Stopped Getty on tty1.
[[0;32m  OK  [0m] Stopped Availability of block devices.
[[0;32m  OK  [0m] Stopped FUSE filesystem for LXC.
[[0;32m  OK  [0m] Removed slice system-getty.slice.
[[0;32m  OK  [0m] Removed slice User Slice of vagrant.
         Stopping Login Service...
[[0;32m  OK  [0m] Removed slice system-serial\x2dgetty.slice.
         Stopping Permit User Sessions...
[[0;32m  OK  [0m] Stopped LXD - container startup/shutdown.
[[0;32m  OK  [0m] Stopped LSB: Record successful boot for GRUB.
[[0;32m  OK  [0m] Stopped LSB: automatic crash report generation.
[[0;32m  OK  [0m] Stopped Virtualbox guest utils.
[[0;32m  OK  [0m] Stopped Permit User Sessions.
[[0;32m  OK  [0m] Stopped Login Service.
[[0;32m  OK  [0m] Stopped target User and Group Name Lookups.
[[0;32m  OK  [0m] Stopped The Apache HTTP Server.
[[0;32m  OK  [0m] Stopped target Host and Network Name Lookups.
[[0;32m  OK  [0m] Stopped target Network.
         Stopping Network Name Resolution...
[[0;32m  OK  [0m] Stopped target Basic System.
[[0;32m  OK  [0m] Stopped target Paths.
[[0;32m  OK  [0m] Stopped ACPI Events Check.
[[0;32m  OK  [0m] Stopped target Sockets.
[[0;32m  OK  [0m] Closed ACPID Listen Socket.
[[0;32m  OK  [0m] Closed D-Bus System Message Bus Socket.
[[0;32m  OK  [0m] Closed Open-iSCSI iscsid Socket.
[[0;32m  OK  [0m] Closed Syslog Socket.
[[0;32m  OK  [0m] Closed Socket activation for snappy daemon.
[[0;32m  OK  [0m] Closed LXD - unix socket.
[[0;32m  OK  [0m] Closed UUID daemon activation socket.
[[0;32m  OK  [0m] Stopped target System Initialization.
         Stopping Update UTMP about System Boot/Shutdown...
[[0;32m  OK  [0m] Stopped Initial cloud-init job (metadata service crawler).
         Stopping Load/Save Random Seed...
[[0;32m  OK  [0m] Stopped target Local Encrypted Volumes.
[[0;32m  OK  [0m] Stopped Forward Password Requests to Wall Directory Watch.
[[0;32m  OK  [0m] Stopped Dispatch Password Requests to Console Directory Watch.
[[0;32m  OK  [0m] Stopped target Slices.
[[0;32m  OK  [0m] Removed slice User and Session Slice.
[[0;32m  OK  [0m] Stopped target Remote File Systems.
[[0;32m  OK  [0m] Stopped target Remote File Systems (Pre).
[[0;32m  OK  [0m] Stopped Network Name Resolution.
[[0;32m  OK  [0m] Stopped Load/Save Random Seed.
         Stopping Network Service...
[[0;32m  OK  [0m] Stopped Update UTMP about System Boot/Shutdown.
[[0;32m  OK  [0m] Stopped Create Volatile Files and Directories.
[[0;32m  OK  [0m] Stopped target Local File Systems.
         Unmounting /var/www/jacobymurray...
         Unmounting /home/projects/personal-local-dev-setup/getmesloshed...
         Unmounting /vagrant...
         Unmounting /var/www/getmesloshed...
         Unmounting /home/projects/personal-local-dev-setup/neverForgetAText...
         Unmounting /home/projects/personal-local-dev-setup/jacobymurray...
         Unmounting /run/user/1000...
         Unmounting /var/www/neverForgetAText...
[[0;32m  OK  [0m] Stopped Network Service.
[[0;32m  OK  [0m] Unmounted /var/www/jacobymurray.
[[0;32m  OK  [0m] Unmounted /home/projects/personal-local-dev-setup/getmesloshed.
[[0;32m  OK  [0m] Unmounted /vagrant.
[[0;32m  OK  [0m] Stopped target Network (Pre).
[[0;32m  OK  [0m] Stopped Initial cloud-init job (pre-networking).
[[0;32m  OK  [0m] Stopped Apply Kernel Variables.
[[0;32m  OK  [0m] Stopped Load Kernel Modules.
[[0;32m  OK  [0m] Unmounted /var/www/neverForgetAText.
[[0;32m  OK  [0m] Unmounted /var/www/getmesloshed.
[[0;32m  OK  [0m] Unmounted /home/projects/personal-local-dev-setup/jacobymurray.
[[0;32m  OK  [0m] Unmounted /run/user/1000.
[[0;32m  OK  [0m] Unmounted /home/projects/personal-local-dev-setup/neverForgetAText.
[[0;32m  OK  [0m] Reached target Unmount All Filesystems.
[[0;32m  OK  [0m] Stopped target Swap.
[[0;32m  OK  [0m] Stopped target Local File Systems (Pre).
         Stopping Monitoring of LVM2 mirrors…ng dmeventd or progress polling...
[[0;32m  OK  [0m] Stopped Remount Root and Kernel File Systems.
[[0;32m  OK  [0m] Stopped Create Static Device Nodes in /dev.
[[0;32m  OK  [0m] Reached target Shutdown.
[[0;32m  OK  [0m] Reached target Final Step.
         Starting Power-Off...
[[0;32m  OK  [0m] Stopped Monitoring of LVM2 mirrors,…sing dmeventd or progress polling.
         Stopping LVM2 metadata daemon...
[  155.367988] reboot: Power down
